<?xml version="1.0" encoding="UTF-8"?>
<testng-results ignored="0" total="1" passed="1" failed="0" skipped="0">
  <reporter-output>
  </reporter-output>
  <suite started-at="2022-11-24T21:39:11 IST" name="Default suite" finished-at="2022-11-24T21:40:09 IST" duration-ms="57957">
    <groups>
    </groups>
    <test started-at="2022-11-24T21:39:11 IST" name="Default test" finished-at="2022-11-24T21:40:09 IST" duration-ms="57957">
      <class name="com.appleTV.commonBaseTest.baseTest">
        <test-method is-config="true" signature="launchBrowser()[pri:0, instance:com.appleTV.commonBaseTest.baseTest@c05fddc]" started-at="2022-11-24T21:39:11 IST" name="launchBrowser" finished-at="2022-11-24T21:39:20 IST" duration-ms="8467" status="PASS">
          <reporter-output>
          </reporter-output>
        </test-method> <!-- launchBrowser -->
        <test-method signature="scenario()[pri:0, instance:com.appleTV.commonBaseTest.baseTest@c05fddc]" started-at="2022-11-24T21:39:20 IST" name="scenario" finished-at="2022-11-24T21:40:09 IST" duration-ms="48829" status="PASS">
          <reporter-output>
          </reporter-output>
        </test-method> <!-- scenario -->
        <test-method is-config="true" signature="afterClass()[pri:0, instance:com.appleTV.commonBaseTest.baseTest@c05fddc]" started-at="2022-11-24T21:40:09 IST" name="afterClass" finished-at="2022-11-24T21:40:09 IST" duration-ms="605" status="PASS">
          <reporter-output>
          </reporter-output>
        </test-method> <!-- afterClass -->
      </class> <!-- com.appleTV.commonBaseTest.baseTest -->
    </test> <!-- Default test -->
  </suite> <!-- Default suite -->
</testng-results>
